<?xml version="1.0" encoding="UTF-8" ?>
<testsuite failures="0" time="0.008" errors="0" skipped="0" tests="7" name="com.ag.spring_extensions.util.JodaUtilsUnitTest">
  <properties>
    <property name="java.runtime.name" value="Java(TM) SE Runtime Environment"/>
    <property name="sun.boot.library.path" value="/Library/Java/JavaVirtualMachines/jdk1.7.0_10.jdk/Contents/Home/jre/lib"/>
    <property name="java.vm.version" value="23.6-b04"/>
    <property name="gopherProxySet" value="false"/>
    <property name="java.vm.vendor" value="Oracle Corporation"/>
    <property name="java.vendor.url" value="http://java.oracle.com/"/>
    <property name="path.separator" value=":"/>
    <property name="java.vm.name" value="Java HotSpot(TM) 64-Bit Server VM"/>
    <property name="file.encoding.pkg" value="sun.io"/>
    <property name="user.country" value="US"/>
    <property name="sun.java.launcher" value="SUN_STANDARD"/>
    <property name="sun.os.patch.level" value="unknown"/>
    <property name="java.vm.specification.name" value="Java Virtual Machine Specification"/>
    <property name="user.dir" value="/Users/johnlees/Downloads/spring-extensions"/>
    <property name="java.runtime.version" value="1.7.0_10-b18"/>
    <property name="java.awt.graphicsenv" value="sun.awt.CGraphicsEnvironment"/>
    <property name="basedir" value="/Users/johnlees/Downloads/spring-extensions"/>
    <property name="java.endorsed.dirs" value="/Library/Java/JavaVirtualMachines/jdk1.7.0_10.jdk/Contents/Home/jre/lib/endorsed"/>
    <property name="os.arch" value="x86_64"/>
    <property name="surefire.real.class.path" value="/Users/johnlees/Downloads/spring-extensions/target/surefire/surefirebooter6398624596143963903.jar"/>
    <property name="java.io.tmpdir" value="/var/folders/n2/btd3500s2758n50pg5zknv040000gn/T/"/>
    <property name="line.separator" value="
"/>
    <property name="java.vm.specification.vendor" value="Oracle Corporation"/>
    <property name="os.name" value="Mac OS X"/>
    <property name="sun.jnu.encoding" value="UTF-8"/>
    <property name="java.library.path" value="/Users/johnlees/Library/Java/Extensions:/Library/Java/Extensions:/Network/Library/Java/Extensions:/System/Library/Java/Extensions:/usr/lib/java:."/>
    <property name="surefire.test.class.path" value="/Users/johnlees/Downloads/spring-extensions/target/test-classes:/Users/johnlees/Downloads/spring-extensions/target/classes:/Users/johnlees/.m2/repository/com/google/guava/guava/12.0/guava-12.0.jar:/Users/johnlees/.m2/repository/com/google/code/findbugs/jsr305/1.3.9/jsr305-1.3.9.jar:/Users/johnlees/.m2/repository/joda-time/joda-time/2.1/joda-time-2.1.jar:/Users/johnlees/.m2/repository/org/slf4j/slf4j-api/1.6.4/slf4j-api-1.6.4.jar:/Users/johnlees/.m2/repository/ch/qos/logback/logback-core/1.0.6/logback-core-1.0.6.jar:/Users/johnlees/.m2/repository/ch/qos/logback/logback-classic/1.0.6/logback-classic-1.0.6.jar:/Users/johnlees/.m2/repository/org/springframework/spring-context/3.2.0.RELEASE/spring-context-3.2.0.RELEASE.jar:/Users/johnlees/.m2/repository/org/springframework/spring-aop/3.2.0.RELEASE/spring-aop-3.2.0.RELEASE.jar:/Users/johnlees/.m2/repository/aopalliance/aopalliance/1.0/aopalliance-1.0.jar:/Users/johnlees/.m2/repository/org/springframework/spring-expression/3.2.0.RELEASE/spring-expression-3.2.0.RELEASE.jar:/Users/johnlees/.m2/repository/org/springframework/spring-beans/3.2.0.RELEASE/spring-beans-3.2.0.RELEASE.jar:/Users/johnlees/.m2/repository/org/springframework/spring-core/3.2.0.RELEASE/spring-core-3.2.0.RELEASE.jar:/Users/johnlees/.m2/repository/commons-logging/commons-logging/1.1.1/commons-logging-1.1.1.jar:/Users/johnlees/.m2/repository/junit/junit/4.10/junit-4.10.jar:/Users/johnlees/.m2/repository/org/hamcrest/hamcrest-core/1.1/hamcrest-core-1.1.jar:/Users/johnlees/.m2/repository/org/hamcrest/hamcrest-all/1.3/hamcrest-all-1.3.jar:/Users/johnlees/.m2/repository/org/jmock/jmock/2.6.0-RC2/jmock-2.6.0-RC2.jar:/Users/johnlees/.m2/repository/org/hamcrest/hamcrest-library/1.3.RC2/hamcrest-library-1.3.RC2.jar:/Users/johnlees/.m2/repository/org/jmock/jmock-legacy/2.6.0-RC2/jmock-legacy-2.6.0-RC2.jar:/Users/johnlees/.m2/repository/org/objenesis/objenesis/1.0/objenesis-1.0.jar:/Users/johnlees/.m2/repository/cglib/cglib-nodep/2.1_3/cglib-nodep-2.1_3.jar:/Users/johnlees/.m2/repository/org/jmock/jmock-junit4/2.6.0-RC2/jmock-junit4-2.6.0-RC2.jar:/Users/johnlees/.m2/repository/junit/junit-dep/4.4/junit-dep-4.4.jar:/Users/johnlees/.m2/repository/org/springframework/spring-test/3.2.0.RELEASE/spring-test-3.2.0.RELEASE.jar:/Users/johnlees/.m2/repository/org/springframework/spring-webmvc/3.2.0.RELEASE/spring-webmvc-3.2.0.RELEASE.jar:/Users/johnlees/.m2/repository/org/springframework/spring-web/3.2.0.RELEASE/spring-web-3.2.0.RELEASE.jar:"/>
    <property name="java.specification.name" value="Java Platform API Specification"/>
    <property name="java.class.version" value="51.0"/>
    <property name="sun.management.compiler" value="HotSpot 64-Bit Tiered Compilers"/>
    <property name="os.version" value="10.8.4"/>
    <property name="http.nonProxyHosts" value="local|*.local|169.254/16|*.169.254/16"/>
    <property name="user.home" value="/Users/johnlees"/>
    <property name="user.timezone" value="America/New_York"/>
    <property name="java.awt.printerjob" value="sun.lwawt.macosx.CPrinterJob"/>
    <property name="java.specification.version" value="1.7"/>
    <property name="file.encoding" value="UTF-8"/>
    <property name="user.name" value="johnlees"/>
    <property name="java.class.path" value="/Users/johnlees/Downloads/spring-extensions/target/test-classes:/Users/johnlees/Downloads/spring-extensions/target/classes:/Users/johnlees/.m2/repository/com/google/guava/guava/12.0/guava-12.0.jar:/Users/johnlees/.m2/repository/com/google/code/findbugs/jsr305/1.3.9/jsr305-1.3.9.jar:/Users/johnlees/.m2/repository/joda-time/joda-time/2.1/joda-time-2.1.jar:/Users/johnlees/.m2/repository/org/slf4j/slf4j-api/1.6.4/slf4j-api-1.6.4.jar:/Users/johnlees/.m2/repository/ch/qos/logback/logback-core/1.0.6/logback-core-1.0.6.jar:/Users/johnlees/.m2/repository/ch/qos/logback/logback-classic/1.0.6/logback-classic-1.0.6.jar:/Users/johnlees/.m2/repository/org/springframework/spring-context/3.2.0.RELEASE/spring-context-3.2.0.RELEASE.jar:/Users/johnlees/.m2/repository/org/springframework/spring-aop/3.2.0.RELEASE/spring-aop-3.2.0.RELEASE.jar:/Users/johnlees/.m2/repository/aopalliance/aopalliance/1.0/aopalliance-1.0.jar:/Users/johnlees/.m2/repository/org/springframework/spring-expression/3.2.0.RELEASE/spring-expression-3.2.0.RELEASE.jar:/Users/johnlees/.m2/repository/org/springframework/spring-beans/3.2.0.RELEASE/spring-beans-3.2.0.RELEASE.jar:/Users/johnlees/.m2/repository/org/springframework/spring-core/3.2.0.RELEASE/spring-core-3.2.0.RELEASE.jar:/Users/johnlees/.m2/repository/commons-logging/commons-logging/1.1.1/commons-logging-1.1.1.jar:/Users/johnlees/.m2/repository/junit/junit/4.10/junit-4.10.jar:/Users/johnlees/.m2/repository/org/hamcrest/hamcrest-core/1.1/hamcrest-core-1.1.jar:/Users/johnlees/.m2/repository/org/hamcrest/hamcrest-all/1.3/hamcrest-all-1.3.jar:/Users/johnlees/.m2/repository/org/jmock/jmock/2.6.0-RC2/jmock-2.6.0-RC2.jar:/Users/johnlees/.m2/repository/org/hamcrest/hamcrest-library/1.3.RC2/hamcrest-library-1.3.RC2.jar:/Users/johnlees/.m2/repository/org/jmock/jmock-legacy/2.6.0-RC2/jmock-legacy-2.6.0-RC2.jar:/Users/johnlees/.m2/repository/org/objenesis/objenesis/1.0/objenesis-1.0.jar:/Users/johnlees/.m2/repository/cglib/cglib-nodep/2.1_3/cglib-nodep-2.1_3.jar:/Users/johnlees/.m2/repository/org/jmock/jmock-junit4/2.6.0-RC2/jmock-junit4-2.6.0-RC2.jar:/Users/johnlees/.m2/repository/junit/junit-dep/4.4/junit-dep-4.4.jar:/Users/johnlees/.m2/repository/org/springframework/spring-test/3.2.0.RELEASE/spring-test-3.2.0.RELEASE.jar:/Users/johnlees/.m2/repository/org/springframework/spring-webmvc/3.2.0.RELEASE/spring-webmvc-3.2.0.RELEASE.jar:/Users/johnlees/.m2/repository/org/springframework/spring-web/3.2.0.RELEASE/spring-web-3.2.0.RELEASE.jar:"/>
    <property name="java.vm.specification.version" value="1.7"/>
    <property name="sun.arch.data.model" value="64"/>
    <property name="java.home" value="/Library/Java/JavaVirtualMachines/jdk1.7.0_10.jdk/Contents/Home/jre"/>
    <property name="sun.java.command" value="/Users/johnlees/Downloads/spring-extensions/target/surefire/surefirebooter6398624596143963903.jar /Users/johnlees/Downloads/spring-extensions/target/surefire/surefire4449802327383606501tmp /Users/johnlees/Downloads/spring-extensions/target/surefire/surefire128683070846552184tmp"/>
    <property name="java.specification.vendor" value="Oracle Corporation"/>
    <property name="user.language" value="en"/>
    <property name="awt.toolkit" value="sun.lwawt.macosx.LWCToolkit"/>
    <property name="java.vm.info" value="mixed mode"/>
    <property name="java.version" value="1.7.0_10"/>
    <property name="java.ext.dirs" value="/Users/johnlees/Library/Java/Extensions:/Library/Java/JavaVirtualMachines/jdk1.7.0_10.jdk/Contents/Home/jre/lib/ext:/Library/Java/Extensions:/Network/Library/Java/Extensions:/System/Library/Java/Extensions:/usr/lib/java"/>
    <property name="sun.boot.class.path" value="/Library/Java/JavaVirtualMachines/jdk1.7.0_10.jdk/Contents/Home/jre/lib/resources.jar:/Library/Java/JavaVirtualMachines/jdk1.7.0_10.jdk/Contents/Home/jre/lib/rt.jar:/Library/Java/JavaVirtualMachines/jdk1.7.0_10.jdk/Contents/Home/jre/lib/sunrsasign.jar:/Library/Java/JavaVirtualMachines/jdk1.7.0_10.jdk/Contents/Home/jre/lib/jsse.jar:/Library/Java/JavaVirtualMachines/jdk1.7.0_10.jdk/Contents/Home/jre/lib/jce.jar:/Library/Java/JavaVirtualMachines/jdk1.7.0_10.jdk/Contents/Home/jre/lib/charsets.jar:/Library/Java/JavaVirtualMachines/jdk1.7.0_10.jdk/Contents/Home/jre/lib/jfr.jar:/Library/Java/JavaVirtualMachines/jdk1.7.0_10.jdk/Contents/Home/jre/lib/JObjC.jar:/Library/Java/JavaVirtualMachines/jdk1.7.0_10.jdk/Contents/Home/jre/classes"/>
    <property name="java.vendor" value="Oracle Corporation"/>
    <property name="localRepository" value="/Users/johnlees/.m2/repository"/>
    <property name="file.separator" value="/"/>
    <property name="java.vendor.url.bug" value="http://bugreport.sun.com/bugreport/"/>
    <property name="sun.cpu.endian" value="little"/>
    <property name="sun.io.unicode.encoding" value="UnicodeBig"/>
    <property name="socksNonProxyHosts" value="local|*.local|169.254/16|*.169.254/16"/>
    <property name="ftp.nonProxyHosts" value="local|*.local|169.254/16|*.169.254/16"/>
    <property name="sun.cpu.isalist" value=""/>
  </properties>
  <testcase time="0.001" classname="com.ag.spring_extensions.util.JodaUtilsUnitTest" name="shouldNotConvertDateStringToLocalDateForBlankDate"/>
  <testcase time="0" classname="com.ag.spring_extensions.util.JodaUtilsUnitTest" name="shouldNotConvertDateStringToLocalDateForInvalidDate"/>
  <testcase time="0.001" classname="com.ag.spring_extensions.util.JodaUtilsUnitTest" name="shouldConvertDateStringToLocalDateForValidDate"/>
  <testcase time="0.001" classname="com.ag.spring_extensions.util.JodaUtilsUnitTest" name="shouldThrowExceptionWhenConvertingInvalidTimestampStringToLocalDateTime"/>
  <testcase time="0.001" classname="com.ag.spring_extensions.util.JodaUtilsUnitTest" name="shouldThrowExceptionWhenConvertingNonTimestampStringToLocalDateTime"/>
  <testcase time="0" classname="com.ag.spring_extensions.util.JodaUtilsUnitTest" name="canConvertTimestampStringToLocalDateTimeWithExtraZero"/>
  <testcase time="0.001" classname="com.ag.spring_extensions.util.JodaUtilsUnitTest" name="shouldConvertTimeStringIntoPeriod"/>
</testsuite>